<?xml version="1.0" encoding="UTF-8"?>
<beans xmlns="http://www.springframework.org/schema/beans" xmlns:aop="http://www.springframework.org/schema/aop"
	xmlns:tx="http://www.springframework.org/schema/tx" xmlns:p="http://www.springframework.org/schema/p"
	xmlns:xsi="http://www.w3.org/2001/XMLSchema-instance"
	xsi:schemaLocation="
		http://www.springframework.org/schema/beans http://www.springframework.org/schema/beans/spring-beans-2.0.xsd
		http://www.springframework.org/schema/aop http://www.springframework.org/schema/aop/spring-aop-2.0.xsd
		http://www.springframework.org/schema/tx http://www.springframework.org/schema/tx/spring-tx-2.0.xsd">

	<bean class="org.springframework.batch.execution.configuration.JobConfigurationRegistryBeanPostProcessor">
		<property name="jobConfigurationRegistry" ref="registry"/>
	</bean>
	
	<bean id="registry" class="org.springframework.batch.execution.configuration.MapJobConfigurationRegistry"/>

	<bean id="test-job" class="org.springframework.batch.core.configuration.JobConfiguration">
		<property name="steps">
			<bean id="step1" class="org.springframework.batch.execution.step.SimpleStepConfiguration">
				<constructor-arg>
					<bean
						class="org.springframework.batch.execution.tasklet.ItemOrientedTasklet">
						<property name="itemProvider">
							<bean 
								class="org.springframework.batch.item.provider.ListItemReader">
								<constructor-arg value="foo,bar,spam"/>
							</bean>
						</property>
						<property name="itemProcessor">
							<bean class="org.springframework.batch.execution.launch.EmptyItemProcessor"/>
						</property>
					</bean>
				</constructor-arg>
			</bean>
		</property>
	</bean>
	
	<bean id="test-job-with-name" class="org.springframework.batch.core.configuration.JobConfiguration">
		<property name="name" value="foo"/>
	</bean>

	<bean id="test-job-with-bean-name" class="org.springframework.batch.core.configuration.JobConfiguration">
		<property name="beanName" value="bar"/>
	</bean>

	<bean id="abstract-job" class="org.springframework.batch.core.configuration.JobConfiguration" abstract="true"/>
	
	<bean id="test-job-with-parent" parent="abstract-job"/>

	<bean id="test-job-with-parent-and-name" parent="abstract-job" p:name="spam"/>

	<bean id="test-job-with-parent-and-bean-name" parent="abstract-job" p:beanName="bucket"/>

	<bean id="parent-job" class="org.springframework.batch.core.configuration.JobConfiguration"/>
	
	<bean id="test-job-with-concrete-parent" parent="parent-job" p:name="maps"/>

	<bean id="test-job-with-concrete-parent-and-name" parent="parent-job" p:name="oof"/>

	<bean id="test-job-with-concrete-parent-and-bean-name" parent="parent-job" p:beanName="rab"/>

</beans>
