<?xml version="1.0" encoding="UTF-8"?>
<beans xmlns="http://www.springframework.org/schema/beans" xmlns:aop="http://www.springframework.org/schema/aop"
	xmlns:tx="http://www.springframework.org/schema/tx" xmlns:p="http://www.springframework.org/schema/p"
	xmlns:xsi="http://www.w3.org/2001/XMLSchema-instance"
	xsi:schemaLocation="
		http://www.springframework.org/schema/beans http://www.springframework.org/schema/beans/spring-beans-2.0.xsd
		http://www.springframework.org/schema/aop http://www.springframework.org/schema/aop/spring-aop-2.0.xsd
		http://www.springframework.org/schema/tx http://www.springframework.org/schema/tx/spring-tx-2.0.xsd">

	<bean id="simpleContainerLauncher" class="org.springframework.batch.execution.bootstrap.support.StubJobLauncher" />

	<bean id="jobConfigurationRegistry" class="org.springframework.batch.execution.configuration.MapJobRegistry"/>

	<bean class="org.springframework.batch.execution.bootstrap.support.SimpleJvmExitCodeMapper" />

	<bean
		class="org.springframework.batch.execution.bootstrap.support.SimpleCommandLineJobRunnerTests$StubSystemExiter" />

	<bean id="test-job" class="org.springframework.batch.core.domain.Job">
		<property name="steps">
			<bean id="step1" class="org.springframework.batch.execution.step.SimpleStep">
				<constructor-arg>
					<bean
						class="org.springframework.batch.execution.tasklet.ItemOrientedTasklet">
						<property name="itemReader">
							<bean 
								class="org.springframework.batch.item.reader.ListItemReader">
								<constructor-arg value="foo,bar,spam"/>
							</bean>
						</property>
						<property name="itemProcessor">
							<bean class="org.springframework.batch.execution.launch.EmptyItemProcessor"/>
						</property>
					</bean>
				</constructor-arg>
			</bean>
		</property>
	</bean>

</beans>
